<?xml version="1.0" encoding="UTF-8"?>
<!-- Generated by org.testng.reporters.JUnitReportReporter -->
<testsuite hostname="DESKTOP-NIE9GPS" failures="0" tests="3" name="testng.Guru" time="7.342" errors="0" timestamp="2024-02-05T17:54:50 IST" skipped="0">
  <testcase classname="testng.Guru" name="a1_contact_info" time="5.421"/>
  <system-out>
    <![CDATA[the browser is openend and started contact_info]]>
  </system-out>
  <testcase classname="testng.Guru" name="a3_user_info" time="1.458"/>
  <system-out>
    <![CDATA[sucessfully completed mailing_info and starteduser_info]]>
  </system-out>
  <testcase classname="testng.Guru" name="a2_mailing_info" time="0.463"/>
  <system-out>
    <![CDATA[sucessfully completed  contact_info and started mailing_info]]>
  </system-out>
</testsuite> <!-- testng.Guru -->
