<?xml version="1.0" encoding="UTF-8"?>
<!-- Generated by org.testng.reporters.JUnitReportReporter -->
<testsuite hostname="DESKTOP-NIE9GPS" failures="0" tests="3" name="testng.Annotation" time="5.214" errors="0" timestamp="2024-02-06T14:37:18 IST" skipped="0">
  <testcase classname="testng.Annotation" name="c_facebook" time="3.111"/>
  <system-out/>
  <testcase classname="testng.Annotation" name="b_bingo" time="0.711"/>
  <system-out/>
  <testcase classname="testng.Annotation" name="a_google" time="1.392"/>
  <system-out/>
</testsuite> <!-- testng.Annotation -->
