<?xml version="1.0" encoding="UTF-8"?>
<!-- Generated by org.testng.reporters.JUnitReportReporter -->
<testsuite hostname="DESKTOP-NIE9GPS" failures="0" tests="1" name="testng.Annotationdemo" time="0.012" errors="0" timestamp="2024-02-06T15:16:25 IST" skipped="0">
  <testcase classname="testng.Annotationdemo" name="f" time="0.012"/>
  <system-out/>
</testsuite> <!-- testng.Annotationdemo -->
