<?xml version="1.0" encoding="UTF-8"?>
<!-- Generated by org.testng.reporters.JUnitReportReporter -->
<testsuite hostname="DESKTOP-NIE9GPS" failures="0" tests="5" name="testng.Grouping" time="0.018" errors="0" timestamp="2024-02-06T15:25:06 IST" skipped="0">
  <testcase classname="testng.Grouping" name="sony" time="0.002"/>
  <system-out/>
  <testcase classname="testng.Grouping" name="onepluse" time="0.001"/>
  <system-out/>
  <testcase classname="testng.Grouping" name="redmi" time="0.002"/>
  <system-out/>
  <testcase classname="testng.Grouping" name="moto" time="0.012"/>
  <system-out/>
  <testcase classname="testng.Grouping" name="samsung" time="0.001"/>
  <system-out/>
</testsuite> <!-- testng.Grouping -->
