<?xml version="1.0" encoding="UTF-8"?>
<!-- Generated by org.testng.reporters.JUnitReportReporter -->
<testsuite hostname="DESKTOP-NIE9GPS" failures="0" tests="2" name="testng.NewTest" time="10.824" errors="0" timestamp="2024-02-05T17:47:54 IST" skipped="0">
  <testcase classname="testng.NewTest" name="f" time="10.482"/>
  <system-out/>
  <testcase classname="testng.NewTest" name="f1" time="0.342"/>
  <system-out/>
</testsuite> <!-- testng.NewTest -->
